/home/garrett/VSCode/EECE7150-final2/ros2_ws/install/monocular_slam/lib/python3.12/site-packages/monocular_slam/simple_camera_node.py
/home/garrett/VSCode/EECE7150-final2/ros2_ws/install/monocular_slam/lib/python3.12/site-packages/monocular_slam/droid_slam_node.py
/home/garrett/VSCode/EECE7150-final2/ros2_ws/install/monocular_slam/lib/python3.12/site-packages/monocular_slam/__init__.py
/home/garrett/VSCode/EECE7150-final2/ros2_ws/install/monocular_slam/lib/python3.12/site-packages/monocular_slam/depth_anything_node.py
/home/garrett/VSCode/EECE7150-final2/ros2_ws/install/monocular_slam/lib/python3.12/site-packages/monocular_slam/check_depth.py
/home/garrett/VSCode/EECE7150-final2/ros2_ws/install/monocular_slam/lib/python3.12/site-packages/monocular_slam/db_player_node.py
/home/garrett/VSCode/EECE7150-final2/ros2_ws/install/monocular_slam/lib/python3.12/site-packages/monocular_slam/__pycache__/simple_camera_node.cpython-312.pyc
/home/garrett/VSCode/EECE7150-final2/ros2_ws/install/monocular_slam/lib/python3.12/site-packages/monocular_slam/__pycache__/droid_slam_node.cpython-312.pyc
/home/garrett/VSCode/EECE7150-final2/ros2_ws/install/monocular_slam/lib/python3.12/site-packages/monocular_slam/__pycache__/__init__.cpython-312.pyc
/home/garrett/VSCode/EECE7150-final2/ros2_ws/install/monocular_slam/lib/python3.12/site-packages/monocular_slam/__pycache__/depth_anything_node.cpython-312.pyc
/home/garrett/VSCode/EECE7150-final2/ros2_ws/install/monocular_slam/lib/python3.12/site-packages/monocular_slam/__pycache__/check_depth.cpython-312.pyc
/home/garrett/VSCode/EECE7150-final2/ros2_ws/install/monocular_slam/lib/python3.12/site-packages/monocular_slam/__pycache__/db_player_node.cpython-312.pyc
/home/garrett/VSCode/EECE7150-final2/ros2_ws/install/monocular_slam/share/ament_index/resource_index/packages/monocular_slam
/home/garrett/VSCode/EECE7150-final2/ros2_ws/install/monocular_slam/share/monocular_slam/package.xml
/home/garrett/VSCode/EECE7150-final2/ros2_ws/install/monocular_slam/share/monocular_slam/launch/slam.launch.py
/home/garrett/VSCode/EECE7150-final2/ros2_ws/install/monocular_slam/lib/python3.12/site-packages/monocular_slam-0.0.0-py3.12.egg-info/SOURCES.txt
/home/garrett/VSCode/EECE7150-final2/ros2_ws/install/monocular_slam/lib/python3.12/site-packages/monocular_slam-0.0.0-py3.12.egg-info/top_level.txt
/home/garrett/VSCode/EECE7150-final2/ros2_ws/install/monocular_slam/lib/python3.12/site-packages/monocular_slam-0.0.0-py3.12.egg-info/PKG-INFO
/home/garrett/VSCode/EECE7150-final2/ros2_ws/install/monocular_slam/lib/python3.12/site-packages/monocular_slam-0.0.0-py3.12.egg-info/zip-safe
/home/garrett/VSCode/EECE7150-final2/ros2_ws/install/monocular_slam/lib/python3.12/site-packages/monocular_slam-0.0.0-py3.12.egg-info/dependency_links.txt
/home/garrett/VSCode/EECE7150-final2/ros2_ws/install/monocular_slam/lib/python3.12/site-packages/monocular_slam-0.0.0-py3.12.egg-info/requires.txt
/home/garrett/VSCode/EECE7150-final2/ros2_ws/install/monocular_slam/lib/python3.12/site-packages/monocular_slam-0.0.0-py3.12.egg-info/entry_points.txt
/home/garrett/VSCode/EECE7150-final2/ros2_ws/install/monocular_slam/lib/monocular_slam/db_player_node
/home/garrett/VSCode/EECE7150-final2/ros2_ws/install/monocular_slam/lib/monocular_slam/depth_anything_node
/home/garrett/VSCode/EECE7150-final2/ros2_ws/install/monocular_slam/lib/monocular_slam/droid_slam_node
/home/garrett/VSCode/EECE7150-final2/ros2_ws/install/monocular_slam/lib/monocular_slam/simple_camera_node
